[1771930506] [INFO] === NETWORK MAPPING STARTED ===
[1771930506] [USER] === USER ACCOUNTS ===
[1771930506] [USER] Current user: root
[1771930506] [USER] Home: /root
[1771930506] [USER] System user: sync
[1771930506] [USER] System user: games
[1771930506] [USER] System user: man
[1771930506] [USER] System user: lp
[1771930506] [USER] System user: mail
[1771930506] [USER] System user: news
[1771930506] [USER] System user: uucp
[1771930506] [USER] System user: proxy
[1771930506] [USER] System user: www-data
[1771930506] [USER] System user: backup
[1771930506] [USER] System user: list
[1771930506] [USER] System user: irc
[1771930506] [USER] System user: nobody
[1771930506] [USER] System user: systemd-network
[1771930506] [USER] System user: messagebus
[1771930506] [USER] System user: polkitd
[1771930506] [USER] System user: lynx
[1771930506] [USER] System user: Debian-exim
[1771930506] [SYSTEM] === SYSTEM INFORMATION ===
[1771930506] [SYSTEM] Hostname: localhost
[1771930506] [SYSTEM] OS: Linux
[1771930506] [SYSTEM] Release: 4.19.157-perf+
[1771930506] [SYSTEM] Machine: aarch64
[1771930506] [SYSTEM] === IP CONFIGURATION ===
[1771930506] [SHARE] === NETWORK SHARES ===
[1771930506] [SHARE] Mounted Network Drives:
[1771930506] [SHARE]   adb /dev/usb-ffs/adb functionfs rw,relatime 0 0
[1771930506] [SHARE]   diag /dev/ffs-diag functionfs rw,relatime 0 0
[1771930506] [SHARE]   diag_mdm /dev/ffs-diag-1 functionfs rw,relatime 0 0
[1771930506] [SHARE]   diag_mdm2 /dev/ffs-diag-2 functionfs rw,relatime 0 0
[1771930506] [PROCESS] === RUNNING PROCESSES ===
[1771930506] [FILES] === IMPORTANT FILES ===
[1771930506] [FILES] File: /etc/passwd
[1771930506] [FILES] File: /etc/shadow
[1771930506] [FILES] Directory: /etc/ssl/private
[1771930506] [FILES] Directory: /root/.ssh/
[1771930506] [FILES] Directory: /home/
[1771930506] [FILES]   - lynx
[1771930506] [FILES] Directory: /var/backups/
[1771930506] [INFO] === NETWORK MAPPING COMPLETED ===
